[2022-11-20 12:51:00,331] {manager.py:514} INFO - Processing files using up to 2 processes at a time 
[2022-11-20 12:51:00,333] {manager.py:515} INFO - Process each file at most once every 30 seconds
[2022-11-20 12:51:00,333] {manager.py:517} INFO - Checking for new files in /opt/airflow/dags every 300 seconds
[2022-11-20 12:51:00,333] {manager.py:663} INFO - Searching for files in /opt/airflow/dags
[2022-11-20 12:51:00,334] {manager.py:666} INFO - There are 1 files in /opt/airflow/dags
[2022-11-20 12:51:00,400] {manager.py:1065} INFO - Finding 'running' jobs without a recent heartbeat
[2022-11-20 12:51:00,401] {manager.py:1069} INFO - Failing jobs without heartbeat after 2022-11-20 12:46:00.401352+00:00
[2022-11-20 12:51:00,457] {manager.py:784} INFO - 
================================================================================
DAG File Processing Stats

File Path                                      PID  Runtime      # DAGs    # Errors  Last Runtime    Last Run
-------------------------------------------  -----  ---------  --------  ----------  --------------  ----------
/opt/airflow/dags/data_ingestion_gcs_dag.py     38  0.06s             0           0
================================================================================
[2022-11-20 12:51:10,481] {manager.py:1065} INFO - Finding 'running' jobs without a recent heartbeat
[2022-11-20 12:51:10,481] {manager.py:1069} INFO - Failing jobs without heartbeat after 2022-11-20 12:46:10.481760+00:00
[2022-11-20 12:51:20,512] {manager.py:1065} INFO - Finding 'running' jobs without a recent heartbeat
[2022-11-20 12:51:20,512] {manager.py:1069} INFO - Failing jobs without heartbeat after 2022-11-20 12:46:20.512467+00:00
[2022-11-20 12:51:30,536] {manager.py:1065} INFO - Finding 'running' jobs without a recent heartbeat
[2022-11-20 12:51:30,536] {manager.py:1069} INFO - Failing jobs without heartbeat after 2022-11-20 12:46:30.536787+00:00
[2022-11-20 12:51:30,544] {manager.py:784} INFO - 
================================================================================
DAG File Processing Stats

File Path                                    PID    Runtime      # DAGs    # Errors  Last Runtime    Last Run
-------------------------------------------  -----  ---------  --------  ----------  --------------  -------------------
/opt/airflow/dags/data_ingestion_gcs_dag.py                           1           0  6.89s           2022-11-20T12:51:07
================================================================================
[2022-11-20 12:51:41,357] {manager.py:1065} INFO - Finding 'running' jobs without a recent heartbeat
[2022-11-20 12:51:41,357] {manager.py:1069} INFO - Failing jobs without heartbeat after 2022-11-20 12:46:41.357818+00:00
[2022-11-20 12:51:51,390] {manager.py:1065} INFO - Finding 'running' jobs without a recent heartbeat
[2022-11-20 12:51:51,390] {manager.py:1069} INFO - Failing jobs without heartbeat after 2022-11-20 12:46:51.390543+00:00
[2022-11-20 12:52:01,410] {manager.py:1065} INFO - Finding 'running' jobs without a recent heartbeat
[2022-11-20 12:52:01,411] {manager.py:1069} INFO - Failing jobs without heartbeat after 2022-11-20 12:47:01.411098+00:00
[2022-11-20 12:52:01,418] {manager.py:784} INFO - 
================================================================================
DAG File Processing Stats

File Path                                    PID    Runtime      # DAGs    # Errors  Last Runtime    Last Run
-------------------------------------------  -----  ---------  --------  ----------  --------------  -------------------
/opt/airflow/dags/data_ingestion_gcs_dag.py                           1           0  1.03s           2022-11-20T12:51:38
================================================================================
[2022-11-20 12:52:11,442] {manager.py:1065} INFO - Finding 'running' jobs without a recent heartbeat
[2022-11-20 12:52:11,443] {manager.py:1069} INFO - Failing jobs without heartbeat after 2022-11-20 12:47:11.443545+00:00
[2022-11-20 12:52:21,472] {manager.py:1065} INFO - Finding 'running' jobs without a recent heartbeat
[2022-11-20 12:52:21,472] {manager.py:1069} INFO - Failing jobs without heartbeat after 2022-11-20 12:47:21.472440+00:00
[2022-11-20 12:52:31,508] {manager.py:1065} INFO - Finding 'running' jobs without a recent heartbeat
[2022-11-20 12:52:31,509] {manager.py:1069} INFO - Failing jobs without heartbeat after 2022-11-20 12:47:31.509040+00:00
[2022-11-20 12:52:31,517] {manager.py:784} INFO - 
================================================================================
DAG File Processing Stats

File Path                                    PID    Runtime      # DAGs    # Errors  Last Runtime    Last Run
-------------------------------------------  -----  ---------  --------  ----------  --------------  -------------------
/opt/airflow/dags/data_ingestion_gcs_dag.py                           1           0  1.00s           2022-11-20T12:52:09
================================================================================
[2022-11-20 12:52:41,541] {manager.py:1065} INFO - Finding 'running' jobs without a recent heartbeat
[2022-11-20 12:52:41,541] {manager.py:1069} INFO - Failing jobs without heartbeat after 2022-11-20 12:47:41.541627+00:00
[2022-11-20 12:52:51,570] {manager.py:1065} INFO - Finding 'running' jobs without a recent heartbeat
[2022-11-20 12:52:51,570] {manager.py:1069} INFO - Failing jobs without heartbeat after 2022-11-20 12:47:51.570949+00:00
[2022-11-20 12:53:01,605] {manager.py:1065} INFO - Finding 'running' jobs without a recent heartbeat
[2022-11-20 12:53:01,606] {manager.py:1069} INFO - Failing jobs without heartbeat after 2022-11-20 12:48:01.606028+00:00
[2022-11-20 12:53:01,613] {manager.py:784} INFO - 
================================================================================
DAG File Processing Stats

File Path                                    PID    Runtime      # DAGs    # Errors  Last Runtime    Last Run
-------------------------------------------  -----  ---------  --------  ----------  --------------  -------------------
/opt/airflow/dags/data_ingestion_gcs_dag.py                           1           0  1.19s           2022-11-20T12:52:40
================================================================================
[2022-11-20 12:53:11,776] {manager.py:1065} INFO - Finding 'running' jobs without a recent heartbeat
[2022-11-20 12:53:11,776] {manager.py:1069} INFO - Failing jobs without heartbeat after 2022-11-20 12:48:11.776201+00:00
[2022-11-20 12:53:21,799] {manager.py:1065} INFO - Finding 'running' jobs without a recent heartbeat
[2022-11-20 12:53:21,800] {manager.py:1069} INFO - Failing jobs without heartbeat after 2022-11-20 12:48:21.799967+00:00
[2022-11-20 12:53:31,826] {manager.py:1065} INFO - Finding 'running' jobs without a recent heartbeat
[2022-11-20 12:53:31,826] {manager.py:1069} INFO - Failing jobs without heartbeat after 2022-11-20 12:48:31.826640+00:00
[2022-11-20 12:53:31,833] {manager.py:784} INFO - 
================================================================================
DAG File Processing Stats

File Path                                    PID    Runtime      # DAGs    # Errors  Last Runtime    Last Run
-------------------------------------------  -----  ---------  --------  ----------  --------------  -------------------
/opt/airflow/dags/data_ingestion_gcs_dag.py                           1           0  0.78s           2022-11-20T12:53:11
================================================================================
[2022-11-20 12:53:41,848] {manager.py:1065} INFO - Finding 'running' jobs without a recent heartbeat
[2022-11-20 12:53:41,848] {manager.py:1069} INFO - Failing jobs without heartbeat after 2022-11-20 12:48:41.848828+00:00
[2022-11-20 12:53:52,642] {manager.py:1065} INFO - Finding 'running' jobs without a recent heartbeat
[2022-11-20 12:53:52,643] {manager.py:1069} INFO - Failing jobs without heartbeat after 2022-11-20 12:48:52.642990+00:00
[2022-11-20 12:54:02,676] {manager.py:1065} INFO - Finding 'running' jobs without a recent heartbeat
[2022-11-20 12:54:02,677] {manager.py:1069} INFO - Failing jobs without heartbeat after 2022-11-20 12:49:02.677201+00:00
[2022-11-20 12:54:02,684] {manager.py:784} INFO - 
================================================================================
DAG File Processing Stats

File Path                                    PID    Runtime      # DAGs    # Errors  Last Runtime    Last Run
-------------------------------------------  -----  ---------  --------  ----------  --------------  -------------------
/opt/airflow/dags/data_ingestion_gcs_dag.py                           1           0  1.01s           2022-11-20T12:53:42
================================================================================
[2022-11-20 12:54:12,706] {manager.py:1065} INFO - Finding 'running' jobs without a recent heartbeat
[2022-11-20 12:54:12,707] {manager.py:1069} INFO - Failing jobs without heartbeat after 2022-11-20 12:49:12.707144+00:00
[2022-11-20 12:54:22,734] {manager.py:1065} INFO - Finding 'running' jobs without a recent heartbeat
[2022-11-20 12:54:22,734] {manager.py:1069} INFO - Failing jobs without heartbeat after 2022-11-20 12:49:22.734779+00:00
[2022-11-20 12:54:32,759] {manager.py:1065} INFO - Finding 'running' jobs without a recent heartbeat
[2022-11-20 12:54:32,760] {manager.py:1069} INFO - Failing jobs without heartbeat after 2022-11-20 12:49:32.760049+00:00
[2022-11-20 12:54:32,767] {manager.py:784} INFO - 
================================================================================
DAG File Processing Stats

File Path                                    PID    Runtime      # DAGs    # Errors  Last Runtime    Last Run
-------------------------------------------  -----  ---------  --------  ----------  --------------  -------------------
/opt/airflow/dags/data_ingestion_gcs_dag.py                           1           0  0.61s           2022-11-20T12:54:13
================================================================================
[2022-11-20 12:54:42,783] {manager.py:1065} INFO - Finding 'running' jobs without a recent heartbeat
[2022-11-20 12:54:42,784] {manager.py:1069} INFO - Failing jobs without heartbeat after 2022-11-20 12:49:42.784015+00:00
[2022-11-20 12:54:52,817] {manager.py:1065} INFO - Finding 'running' jobs without a recent heartbeat
[2022-11-20 12:54:52,817] {manager.py:1069} INFO - Failing jobs without heartbeat after 2022-11-20 12:49:52.817465+00:00
[2022-11-20 12:55:02,851] {manager.py:1065} INFO - Finding 'running' jobs without a recent heartbeat
[2022-11-20 12:55:02,851] {manager.py:1069} INFO - Failing jobs without heartbeat after 2022-11-20 12:50:02.851311+00:00
[2022-11-20 12:55:02,859] {manager.py:784} INFO - 
================================================================================
DAG File Processing Stats

File Path                                    PID    Runtime      # DAGs    # Errors  Last Runtime    Last Run
-------------------------------------------  -----  ---------  --------  ----------  --------------  -------------------
/opt/airflow/dags/data_ingestion_gcs_dag.py                           1           0  0.61s           2022-11-20T12:54:43
================================================================================
[2022-11-20 12:55:12,882] {manager.py:1065} INFO - Finding 'running' jobs without a recent heartbeat
[2022-11-20 12:55:12,883] {manager.py:1069} INFO - Failing jobs without heartbeat after 2022-11-20 12:50:12.882989+00:00
[2022-11-20 12:55:23,055] {manager.py:1065} INFO - Finding 'running' jobs without a recent heartbeat
[2022-11-20 12:55:23,055] {manager.py:1069} INFO - Failing jobs without heartbeat after 2022-11-20 12:50:23.055753+00:00
[2022-11-20 12:55:33,095] {manager.py:1065} INFO - Finding 'running' jobs without a recent heartbeat
[2022-11-20 12:55:33,095] {manager.py:1069} INFO - Failing jobs without heartbeat after 2022-11-20 12:50:33.095823+00:00
[2022-11-20 12:55:33,105] {manager.py:784} INFO - 
================================================================================
DAG File Processing Stats

File Path                                    PID    Runtime      # DAGs    # Errors  Last Runtime    Last Run
-------------------------------------------  -----  ---------  --------  ----------  --------------  -------------------
/opt/airflow/dags/data_ingestion_gcs_dag.py                           1           0  0.71s           2022-11-20T12:55:14
================================================================================
[2022-11-20 12:55:43,119] {manager.py:1065} INFO - Finding 'running' jobs without a recent heartbeat
[2022-11-20 12:55:43,119] {manager.py:1069} INFO - Failing jobs without heartbeat after 2022-11-20 12:50:43.119615+00:00
[2022-11-20 12:55:53,153] {manager.py:1065} INFO - Finding 'running' jobs without a recent heartbeat
[2022-11-20 12:55:53,154] {manager.py:1069} INFO - Failing jobs without heartbeat after 2022-11-20 12:50:53.154145+00:00
[2022-11-20 12:56:00,726] {manager.py:663} INFO - Searching for files in /opt/airflow/dags
[2022-11-20 12:56:00,727] {manager.py:666} INFO - There are 1 files in /opt/airflow/dags
[2022-11-20 12:56:03,181] {manager.py:1065} INFO - Finding 'running' jobs without a recent heartbeat
[2022-11-20 12:56:03,181] {manager.py:1069} INFO - Failing jobs without heartbeat after 2022-11-20 12:51:03.181947+00:00
[2022-11-20 12:56:03,189] {manager.py:784} INFO - 
================================================================================
DAG File Processing Stats

File Path                                    PID    Runtime      # DAGs    # Errors  Last Runtime    Last Run
-------------------------------------------  -----  ---------  --------  ----------  --------------  -------------------
/opt/airflow/dags/data_ingestion_gcs_dag.py                           1           0  0.90s           2022-11-20T12:55:45
================================================================================
[2022-11-20 12:56:13,206] {manager.py:1065} INFO - Finding 'running' jobs without a recent heartbeat
[2022-11-20 12:56:13,206] {manager.py:1069} INFO - Failing jobs without heartbeat after 2022-11-20 12:51:13.206814+00:00
[2022-11-20 12:56:23,235] {manager.py:1065} INFO - Finding 'running' jobs without a recent heartbeat
[2022-11-20 12:56:23,235] {manager.py:1069} INFO - Failing jobs without heartbeat after 2022-11-20 12:51:23.235944+00:00
[2022-11-20 12:56:33,263] {manager.py:1065} INFO - Finding 'running' jobs without a recent heartbeat
[2022-11-20 12:56:33,263] {manager.py:1069} INFO - Failing jobs without heartbeat after 2022-11-20 12:51:33.263827+00:00
[2022-11-20 12:56:33,271] {manager.py:784} INFO - 
================================================================================
DAG File Processing Stats

File Path                                    PID    Runtime      # DAGs    # Errors  Last Runtime    Last Run
-------------------------------------------  -----  ---------  --------  ----------  --------------  -------------------
/opt/airflow/dags/data_ingestion_gcs_dag.py                           1           0  0.69s           2022-11-20T12:56:16
================================================================================
[2022-11-20 12:56:43,294] {manager.py:1065} INFO - Finding 'running' jobs without a recent heartbeat
[2022-11-20 12:56:43,294] {manager.py:1069} INFO - Failing jobs without heartbeat after 2022-11-20 12:51:43.294543+00:00
[2022-11-20 12:56:53,516] {manager.py:1065} INFO - Finding 'running' jobs without a recent heartbeat
[2022-11-20 12:56:53,516] {manager.py:1069} INFO - Failing jobs without heartbeat after 2022-11-20 12:51:53.516929+00:00
[2022-11-20 12:56:55,988] {manager.py:495} INFO - Exiting gracefully upon receiving signal 15
[2022-11-20 13:04:25,895] {manager.py:514} INFO - Processing files using up to 2 processes at a time 
[2022-11-20 13:04:25,895] {manager.py:515} INFO - Process each file at most once every 30 seconds
[2022-11-20 13:04:25,895] {manager.py:517} INFO - Checking for new files in /opt/airflow/dags every 300 seconds
[2022-11-20 13:04:25,895] {manager.py:663} INFO - Searching for files in /opt/airflow/dags
[2022-11-20 13:04:25,898] {manager.py:666} INFO - There are 1 files in /opt/airflow/dags
[2022-11-20 13:04:25,975] {manager.py:1065} INFO - Finding 'running' jobs without a recent heartbeat
[2022-11-20 13:04:25,975] {manager.py:1069} INFO - Failing jobs without heartbeat after 2022-11-20 12:59:25.975578+00:00
[2022-11-20 13:04:26,015] {manager.py:784} INFO - 
================================================================================
DAG File Processing Stats

File Path                                      PID  Runtime      # DAGs    # Errors  Last Runtime    Last Run
-------------------------------------------  -----  ---------  --------  ----------  --------------  ----------
/opt/airflow/dags/data_ingestion_gcs_dag.py     37  0.04s             0           0
================================================================================
[2022-11-20 13:04:36,052] {manager.py:1065} INFO - Finding 'running' jobs without a recent heartbeat
[2022-11-20 13:04:36,054] {manager.py:1069} INFO - Failing jobs without heartbeat after 2022-11-20 12:59:36.054135+00:00
[2022-11-20 13:04:46,138] {manager.py:1065} INFO - Finding 'running' jobs without a recent heartbeat
[2022-11-20 13:04:46,138] {manager.py:1069} INFO - Failing jobs without heartbeat after 2022-11-20 12:59:46.138853+00:00
[2022-11-20 13:04:56,165] {manager.py:1065} INFO - Finding 'running' jobs without a recent heartbeat
[2022-11-20 13:04:56,165] {manager.py:1069} INFO - Failing jobs without heartbeat after 2022-11-20 12:59:56.165531+00:00
[2022-11-20 13:04:56,181] {manager.py:784} INFO - 
================================================================================
DAG File Processing Stats

File Path                                    PID    Runtime      # DAGs    # Errors  Last Runtime    Last Run
-------------------------------------------  -----  ---------  --------  ----------  --------------  -------------------
/opt/airflow/dags/data_ingestion_gcs_dag.py                           1           0  3.11s           2022-11-20T13:04:29
================================================================================
[2022-11-20 13:05:06,204] {manager.py:1065} INFO - Finding 'running' jobs without a recent heartbeat
[2022-11-20 13:05:06,204] {manager.py:1069} INFO - Failing jobs without heartbeat after 2022-11-20 13:00:06.204536+00:00
[2022-11-20 13:05:16,230] {manager.py:1065} INFO - Finding 'running' jobs without a recent heartbeat
[2022-11-20 13:05:16,230] {manager.py:1069} INFO - Failing jobs without heartbeat after 2022-11-20 13:00:16.230858+00:00
[2022-11-20 13:05:26,259] {manager.py:1065} INFO - Finding 'running' jobs without a recent heartbeat
[2022-11-20 13:05:26,260] {manager.py:1069} INFO - Failing jobs without heartbeat after 2022-11-20 13:00:26.260112+00:00
[2022-11-20 13:05:26,267] {manager.py:784} INFO - 
================================================================================
DAG File Processing Stats

File Path                                    PID    Runtime      # DAGs    # Errors  Last Runtime    Last Run
-------------------------------------------  -----  ---------  --------  ----------  --------------  -------------------
/opt/airflow/dags/data_ingestion_gcs_dag.py                           1           0  1.60s           2022-11-20T13:05:00
================================================================================
[2022-11-20 13:05:36,288] {manager.py:1065} INFO - Finding 'running' jobs without a recent heartbeat
[2022-11-20 13:05:36,288] {manager.py:1069} INFO - Failing jobs without heartbeat after 2022-11-20 13:00:36.288949+00:00
[2022-11-20 13:05:46,316] {manager.py:1065} INFO - Finding 'running' jobs without a recent heartbeat
[2022-11-20 13:05:46,316] {manager.py:1069} INFO - Failing jobs without heartbeat after 2022-11-20 13:00:46.316903+00:00
[2022-11-20 13:05:56,348] {manager.py:1065} INFO - Finding 'running' jobs without a recent heartbeat
[2022-11-20 13:05:56,348] {manager.py:1069} INFO - Failing jobs without heartbeat after 2022-11-20 13:00:56.348623+00:00
[2022-11-20 13:05:56,355] {manager.py:784} INFO - 
================================================================================
DAG File Processing Stats

File Path                                    PID    Runtime      # DAGs    # Errors  Last Runtime    Last Run
-------------------------------------------  -----  ---------  --------  ----------  --------------  -------------------
/opt/airflow/dags/data_ingestion_gcs_dag.py                           1           0  0.70s           2022-11-20T13:05:31
================================================================================
[2022-11-20 13:06:06,607] {manager.py:1065} INFO - Finding 'running' jobs without a recent heartbeat
[2022-11-20 13:06:06,607] {manager.py:1069} INFO - Failing jobs without heartbeat after 2022-11-20 13:01:06.607789+00:00
[2022-11-20 13:06:16,633] {manager.py:1065} INFO - Finding 'running' jobs without a recent heartbeat
[2022-11-20 13:06:16,634] {manager.py:1069} INFO - Failing jobs without heartbeat after 2022-11-20 13:01:16.634033+00:00
[2022-11-20 13:06:26,660] {manager.py:1065} INFO - Finding 'running' jobs without a recent heartbeat
[2022-11-20 13:06:26,660] {manager.py:1069} INFO - Failing jobs without heartbeat after 2022-11-20 13:01:26.660846+00:00
[2022-11-20 13:06:26,668] {manager.py:784} INFO - 
================================================================================
DAG File Processing Stats

File Path                                    PID    Runtime      # DAGs    # Errors  Last Runtime    Last Run
-------------------------------------------  -----  ---------  --------  ----------  --------------  -------------------
/opt/airflow/dags/data_ingestion_gcs_dag.py                           1           0  0.56s           2022-11-20T13:06:02
================================================================================
[2022-11-20 13:06:36,686] {manager.py:1065} INFO - Finding 'running' jobs without a recent heartbeat
[2022-11-20 13:06:36,686] {manager.py:1069} INFO - Failing jobs without heartbeat after 2022-11-20 13:01:36.686918+00:00
[2022-11-20 13:06:46,714] {manager.py:1065} INFO - Finding 'running' jobs without a recent heartbeat
[2022-11-20 13:06:46,714] {manager.py:1069} INFO - Failing jobs without heartbeat after 2022-11-20 13:01:46.714874+00:00
[2022-11-20 13:06:56,744] {manager.py:1065} INFO - Finding 'running' jobs without a recent heartbeat
[2022-11-20 13:06:56,745] {manager.py:1069} INFO - Failing jobs without heartbeat after 2022-11-20 13:01:56.745104+00:00
[2022-11-20 13:06:56,752] {manager.py:784} INFO - 
================================================================================
DAG File Processing Stats

File Path                                    PID    Runtime      # DAGs    # Errors  Last Runtime    Last Run
-------------------------------------------  -----  ---------  --------  ----------  --------------  -------------------
/opt/airflow/dags/data_ingestion_gcs_dag.py                           1           0  0.73s           2022-11-20T13:06:32
================================================================================
[2022-11-20 13:07:06,769] {manager.py:1065} INFO - Finding 'running' jobs without a recent heartbeat
[2022-11-20 13:07:06,769] {manager.py:1069} INFO - Failing jobs without heartbeat after 2022-11-20 13:02:06.769348+00:00
[2022-11-20 13:07:16,800] {manager.py:1065} INFO - Finding 'running' jobs without a recent heartbeat
[2022-11-20 13:07:16,800] {manager.py:1069} INFO - Failing jobs without heartbeat after 2022-11-20 13:02:16.800962+00:00
[2022-11-20 13:07:26,832] {manager.py:1065} INFO - Finding 'running' jobs without a recent heartbeat
[2022-11-20 13:07:26,832] {manager.py:1069} INFO - Failing jobs without heartbeat after 2022-11-20 13:02:26.832491+00:00
[2022-11-20 13:07:26,839] {manager.py:784} INFO - 
================================================================================
DAG File Processing Stats

File Path                                    PID    Runtime      # DAGs    # Errors  Last Runtime    Last Run
-------------------------------------------  -----  ---------  --------  ----------  --------------  -------------------
/opt/airflow/dags/data_ingestion_gcs_dag.py                           1           0  0.76s           2022-11-20T13:07:03
================================================================================
[2022-11-20 13:07:37,061] {manager.py:1065} INFO - Finding 'running' jobs without a recent heartbeat
[2022-11-20 13:07:37,061] {manager.py:1069} INFO - Failing jobs without heartbeat after 2022-11-20 13:02:37.061433+00:00
[2022-11-20 13:07:47,092] {manager.py:1065} INFO - Finding 'running' jobs without a recent heartbeat
[2022-11-20 13:07:47,092] {manager.py:1069} INFO - Failing jobs without heartbeat after 2022-11-20 13:02:47.092922+00:00
[2022-11-20 13:07:57,132] {manager.py:1065} INFO - Finding 'running' jobs without a recent heartbeat
[2022-11-20 13:07:57,132] {manager.py:1069} INFO - Failing jobs without heartbeat after 2022-11-20 13:02:57.132319+00:00
[2022-11-20 13:07:57,140] {manager.py:784} INFO - 
================================================================================
DAG File Processing Stats

File Path                                    PID    Runtime      # DAGs    # Errors  Last Runtime    Last Run
-------------------------------------------  -----  ---------  --------  ----------  --------------  -------------------
/opt/airflow/dags/data_ingestion_gcs_dag.py                           1           0  1.27s           2022-11-20T13:07:35
================================================================================
[2022-11-20 13:08:07,176] {manager.py:1065} INFO - Finding 'running' jobs without a recent heartbeat
[2022-11-20 13:08:07,176] {manager.py:1069} INFO - Failing jobs without heartbeat after 2022-11-20 13:03:07.176915+00:00
[2022-11-20 13:08:17,204] {manager.py:1065} INFO - Finding 'running' jobs without a recent heartbeat
[2022-11-20 13:08:17,204] {manager.py:1069} INFO - Failing jobs without heartbeat after 2022-11-20 13:03:17.204934+00:00
[2022-11-20 13:08:27,230] {manager.py:1065} INFO - Finding 'running' jobs without a recent heartbeat
[2022-11-20 13:08:27,231] {manager.py:1069} INFO - Failing jobs without heartbeat after 2022-11-20 13:03:27.231007+00:00
[2022-11-20 13:08:27,239] {manager.py:784} INFO - 
================================================================================
DAG File Processing Stats

File Path                                    PID    Runtime      # DAGs    # Errors  Last Runtime    Last Run
-------------------------------------------  -----  ---------  --------  ----------  --------------  -------------------
/opt/airflow/dags/data_ingestion_gcs_dag.py                           1           0  0.69s           2022-11-20T13:08:05
================================================================================
[2022-11-20 13:08:37,256] {manager.py:1065} INFO - Finding 'running' jobs without a recent heartbeat
[2022-11-20 13:08:37,256] {manager.py:1069} INFO - Failing jobs without heartbeat after 2022-11-20 13:03:37.256809+00:00
[2022-11-20 13:08:47,288] {manager.py:1065} INFO - Finding 'running' jobs without a recent heartbeat
[2022-11-20 13:08:47,289] {manager.py:1069} INFO - Failing jobs without heartbeat after 2022-11-20 13:03:47.289069+00:00
[2022-11-20 13:08:57,320] {manager.py:1065} INFO - Finding 'running' jobs without a recent heartbeat
[2022-11-20 13:08:57,320] {manager.py:1069} INFO - Failing jobs without heartbeat after 2022-11-20 13:03:57.320438+00:00
[2022-11-20 13:08:57,327] {manager.py:784} INFO - 
================================================================================
DAG File Processing Stats

File Path                                    PID    Runtime      # DAGs    # Errors  Last Runtime    Last Run
-------------------------------------------  -----  ---------  --------  ----------  --------------  -------------------
/opt/airflow/dags/data_ingestion_gcs_dag.py                           1           0  0.57s           2022-11-20T13:08:36
================================================================================
[2022-11-20 13:09:07,527] {manager.py:1065} INFO - Finding 'running' jobs without a recent heartbeat
[2022-11-20 13:09:07,527] {manager.py:1069} INFO - Failing jobs without heartbeat after 2022-11-20 13:04:07.527502+00:00
[2022-11-20 13:09:17,549] {manager.py:1065} INFO - Finding 'running' jobs without a recent heartbeat
[2022-11-20 13:09:17,549] {manager.py:1069} INFO - Failing jobs without heartbeat after 2022-11-20 13:04:17.549824+00:00
[2022-11-20 13:09:26,311] {manager.py:663} INFO - Searching for files in /opt/airflow/dags
[2022-11-20 13:09:26,311] {manager.py:666} INFO - There are 1 files in /opt/airflow/dags
[2022-11-20 13:09:27,573] {manager.py:1065} INFO - Finding 'running' jobs without a recent heartbeat
[2022-11-20 13:09:27,573] {manager.py:1069} INFO - Failing jobs without heartbeat after 2022-11-20 13:04:27.573568+00:00
[2022-11-20 13:09:27,581] {manager.py:784} INFO - 
================================================================================
DAG File Processing Stats

File Path                                    PID    Runtime      # DAGs    # Errors  Last Runtime    Last Run
-------------------------------------------  -----  ---------  --------  ----------  --------------  -------------------
/opt/airflow/dags/data_ingestion_gcs_dag.py                           1           0  0.74s           2022-11-20T13:09:07
================================================================================
[2022-11-20 13:09:37,599] {manager.py:1065} INFO - Finding 'running' jobs without a recent heartbeat
[2022-11-20 13:09:37,599] {manager.py:1069} INFO - Failing jobs without heartbeat after 2022-11-20 13:04:37.599676+00:00
[2022-11-20 13:09:47,626] {manager.py:1065} INFO - Finding 'running' jobs without a recent heartbeat
[2022-11-20 13:09:47,627] {manager.py:1069} INFO - Failing jobs without heartbeat after 2022-11-20 13:04:47.627234+00:00
[2022-11-20 13:09:57,655] {manager.py:1065} INFO - Finding 'running' jobs without a recent heartbeat
[2022-11-20 13:09:57,655] {manager.py:1069} INFO - Failing jobs without heartbeat after 2022-11-20 13:04:57.655507+00:00
[2022-11-20 13:09:57,662] {manager.py:784} INFO - 
================================================================================
DAG File Processing Stats

File Path                                    PID    Runtime      # DAGs    # Errors  Last Runtime    Last Run
-------------------------------------------  -----  ---------  --------  ----------  --------------  -------------------
/opt/airflow/dags/data_ingestion_gcs_dag.py                           1           0  0.58s           2022-11-20T13:09:37
================================================================================
[2022-11-20 13:10:07,684] {manager.py:1065} INFO - Finding 'running' jobs without a recent heartbeat
[2022-11-20 13:10:07,684] {manager.py:1069} INFO - Failing jobs without heartbeat after 2022-11-20 13:05:07.684761+00:00
[2022-11-20 13:10:18,001] {manager.py:1065} INFO - Finding 'running' jobs without a recent heartbeat
[2022-11-20 13:10:18,001] {manager.py:1069} INFO - Failing jobs without heartbeat after 2022-11-20 13:05:18.001601+00:00
[2022-11-20 13:10:28,026] {manager.py:1065} INFO - Finding 'running' jobs without a recent heartbeat
[2022-11-20 13:10:28,026] {manager.py:1069} INFO - Failing jobs without heartbeat after 2022-11-20 13:05:28.026638+00:00
[2022-11-20 13:10:28,034] {manager.py:784} INFO - 
================================================================================
DAG File Processing Stats

File Path                                    PID    Runtime      # DAGs    # Errors  Last Runtime    Last Run
-------------------------------------------  -----  ---------  --------  ----------  --------------  -------------------
/opt/airflow/dags/data_ingestion_gcs_dag.py                           1           0  0.57s           2022-11-20T13:10:08
================================================================================
[2022-11-20 13:10:38,053] {manager.py:1065} INFO - Finding 'running' jobs without a recent heartbeat
[2022-11-20 13:10:38,053] {manager.py:1069} INFO - Failing jobs without heartbeat after 2022-11-20 13:05:38.053670+00:00
[2022-11-20 13:10:48,082] {manager.py:1065} INFO - Finding 'running' jobs without a recent heartbeat
[2022-11-20 13:10:48,082] {manager.py:1069} INFO - Failing jobs without heartbeat after 2022-11-20 13:05:48.082699+00:00
[2022-11-20 13:10:58,112] {manager.py:1065} INFO - Finding 'running' jobs without a recent heartbeat
[2022-11-20 13:10:58,113] {manager.py:1069} INFO - Failing jobs without heartbeat after 2022-11-20 13:05:58.113348+00:00
[2022-11-20 13:10:58,120] {manager.py:784} INFO - 
================================================================================
DAG File Processing Stats

File Path                                    PID    Runtime      # DAGs    # Errors  Last Runtime    Last Run
-------------------------------------------  -----  ---------  --------  ----------  --------------  -------------------
/opt/airflow/dags/data_ingestion_gcs_dag.py                           1           0  0.59s           2022-11-20T13:10:39
================================================================================
[2022-11-20 13:11:08,142] {manager.py:1065} INFO - Finding 'running' jobs without a recent heartbeat
[2022-11-20 13:11:08,142] {manager.py:1069} INFO - Failing jobs without heartbeat after 2022-11-20 13:06:08.142883+00:00
[2022-11-20 13:11:18,267] {manager.py:1065} INFO - Finding 'running' jobs without a recent heartbeat
[2022-11-20 13:11:18,267] {manager.py:1069} INFO - Failing jobs without heartbeat after 2022-11-20 13:06:18.267838+00:00
[2022-11-20 13:11:28,297] {manager.py:1065} INFO - Finding 'running' jobs without a recent heartbeat
[2022-11-20 13:11:28,298] {manager.py:1069} INFO - Failing jobs without heartbeat after 2022-11-20 13:06:28.298024+00:00
[2022-11-20 13:11:28,305] {manager.py:784} INFO - 
================================================================================
DAG File Processing Stats

File Path                                    PID    Runtime      # DAGs    # Errors  Last Runtime    Last Run
-------------------------------------------  -----  ---------  --------  ----------  --------------  -------------------
/opt/airflow/dags/data_ingestion_gcs_dag.py                           1           0  0.61s           2022-11-20T13:11:09
================================================================================
[2022-11-20 13:11:38,322] {manager.py:1065} INFO - Finding 'running' jobs without a recent heartbeat
[2022-11-20 13:11:38,323] {manager.py:1069} INFO - Failing jobs without heartbeat after 2022-11-20 13:06:38.323055+00:00
[2022-11-20 13:11:48,351] {manager.py:1065} INFO - Finding 'running' jobs without a recent heartbeat
[2022-11-20 13:11:48,352] {manager.py:1069} INFO - Failing jobs without heartbeat after 2022-11-20 13:06:48.352197+00:00
[2022-11-20 13:11:58,382] {manager.py:1065} INFO - Finding 'running' jobs without a recent heartbeat
[2022-11-20 13:11:58,382] {manager.py:1069} INFO - Failing jobs without heartbeat after 2022-11-20 13:06:58.382978+00:00
[2022-11-20 13:11:58,391] {manager.py:784} INFO - 
================================================================================
DAG File Processing Stats

File Path                                    PID    Runtime      # DAGs    # Errors  Last Runtime    Last Run
-------------------------------------------  -----  ---------  --------  ----------  --------------  -------------------
/opt/airflow/dags/data_ingestion_gcs_dag.py                           1           0  0.64s           2022-11-20T13:11:40
================================================================================
[2022-11-20 13:12:08,413] {manager.py:1065} INFO - Finding 'running' jobs without a recent heartbeat
[2022-11-20 13:12:08,414] {manager.py:1069} INFO - Failing jobs without heartbeat after 2022-11-20 13:07:08.414106+00:00
[2022-11-20 13:12:18,628] {manager.py:1065} INFO - Finding 'running' jobs without a recent heartbeat
[2022-11-20 13:12:18,628] {manager.py:1069} INFO - Failing jobs without heartbeat after 2022-11-20 13:07:18.628396+00:00
[2022-11-20 13:12:28,656] {manager.py:1065} INFO - Finding 'running' jobs without a recent heartbeat
[2022-11-20 13:12:28,656] {manager.py:1069} INFO - Failing jobs without heartbeat after 2022-11-20 13:07:28.656572+00:00
[2022-11-20 13:12:28,664] {manager.py:784} INFO - 
================================================================================
DAG File Processing Stats

File Path                                    PID    Runtime      # DAGs    # Errors  Last Runtime    Last Run
-------------------------------------------  -----  ---------  --------  ----------  --------------  -------------------
/opt/airflow/dags/data_ingestion_gcs_dag.py                           1           0  0.67s           2022-11-20T13:12:11
================================================================================
[2022-11-20 13:12:38,680] {manager.py:1065} INFO - Finding 'running' jobs without a recent heartbeat
[2022-11-20 13:12:38,680] {manager.py:1069} INFO - Failing jobs without heartbeat after 2022-11-20 13:07:38.680938+00:00
[2022-11-20 13:12:48,705] {manager.py:1065} INFO - Finding 'running' jobs without a recent heartbeat
[2022-11-20 13:12:48,705] {manager.py:1069} INFO - Failing jobs without heartbeat after 2022-11-20 13:07:48.705802+00:00
[2022-11-20 13:12:58,734] {manager.py:1065} INFO - Finding 'running' jobs without a recent heartbeat
[2022-11-20 13:12:58,734] {manager.py:1069} INFO - Failing jobs without heartbeat after 2022-11-20 13:07:58.734446+00:00
[2022-11-20 13:12:58,742] {manager.py:784} INFO - 
================================================================================
DAG File Processing Stats

File Path                                    PID    Runtime      # DAGs    # Errors  Last Runtime    Last Run
-------------------------------------------  -----  ---------  --------  ----------  --------------  -------------------
/opt/airflow/dags/data_ingestion_gcs_dag.py                           1           0  0.74s           2022-11-20T13:12:42
================================================================================
[2022-11-20 13:13:08,761] {manager.py:1065} INFO - Finding 'running' jobs without a recent heartbeat
[2022-11-20 13:13:08,761] {manager.py:1069} INFO - Failing jobs without heartbeat after 2022-11-20 13:08:08.761884+00:00
[2022-11-20 13:13:19,155] {manager.py:1065} INFO - Finding 'running' jobs without a recent heartbeat
[2022-11-20 13:13:19,155] {manager.py:1069} INFO - Failing jobs without heartbeat after 2022-11-20 13:08:19.155489+00:00
[2022-11-20 13:13:28,775] {manager.py:784} INFO - 
================================================================================
DAG File Processing Stats

File Path                                    PID    Runtime      # DAGs    # Errors  Last Runtime    Last Run
-------------------------------------------  -----  ---------  --------  ----------  --------------  -------------------
/opt/airflow/dags/data_ingestion_gcs_dag.py                           1           0  0.60s           2022-11-20T13:13:12
================================================================================
[2022-11-20 13:13:29,184] {manager.py:1065} INFO - Finding 'running' jobs without a recent heartbeat
[2022-11-20 13:13:29,184] {manager.py:1069} INFO - Failing jobs without heartbeat after 2022-11-20 13:08:29.184461+00:00
[2022-11-20 13:13:39,204] {manager.py:1065} INFO - Finding 'running' jobs without a recent heartbeat
[2022-11-20 13:13:39,205] {manager.py:1069} INFO - Failing jobs without heartbeat after 2022-11-20 13:08:39.205225+00:00
[2022-11-20 13:13:49,233] {manager.py:1065} INFO - Finding 'running' jobs without a recent heartbeat
[2022-11-20 13:13:49,233] {manager.py:1069} INFO - Failing jobs without heartbeat after 2022-11-20 13:08:49.233592+00:00
[2022-11-20 13:13:59,260] {manager.py:1065} INFO - Finding 'running' jobs without a recent heartbeat
[2022-11-20 13:13:59,260] {manager.py:1069} INFO - Failing jobs without heartbeat after 2022-11-20 13:08:59.260427+00:00
[2022-11-20 13:13:59,267] {manager.py:784} INFO - 
================================================================================
DAG File Processing Stats

File Path                                    PID    Runtime      # DAGs    # Errors  Last Runtime    Last Run
-------------------------------------------  -----  ---------  --------  ----------  --------------  -------------------
/opt/airflow/dags/data_ingestion_gcs_dag.py                           1           0  0.88s           2022-11-20T13:13:43
================================================================================
[2022-11-20 13:14:09,287] {manager.py:1065} INFO - Finding 'running' jobs without a recent heartbeat
[2022-11-20 13:14:09,287] {manager.py:1069} INFO - Failing jobs without heartbeat after 2022-11-20 13:09:09.287895+00:00
[2022-11-20 13:14:19,315] {manager.py:1065} INFO - Finding 'running' jobs without a recent heartbeat
[2022-11-20 13:14:19,315] {manager.py:1069} INFO - Failing jobs without heartbeat after 2022-11-20 13:09:19.315701+00:00
[2022-11-20 13:14:26,335] {manager.py:663} INFO - Searching for files in /opt/airflow/dags
[2022-11-20 13:14:26,336] {manager.py:666} INFO - There are 1 files in /opt/airflow/dags
[2022-11-20 13:14:29,353] {manager.py:1065} INFO - Finding 'running' jobs without a recent heartbeat
[2022-11-20 13:14:29,353] {manager.py:1069} INFO - Failing jobs without heartbeat after 2022-11-20 13:09:29.353730+00:00
[2022-11-20 13:14:29,361] {manager.py:784} INFO - 
================================================================================
DAG File Processing Stats

File Path                                    PID    Runtime      # DAGs    # Errors  Last Runtime    Last Run
-------------------------------------------  -----  ---------  --------  ----------  --------------  -------------------
/opt/airflow/dags/data_ingestion_gcs_dag.py                           1           0  0.57s           2022-11-20T13:14:14
================================================================================
[2022-11-20 13:14:39,379] {manager.py:1065} INFO - Finding 'running' jobs without a recent heartbeat
[2022-11-20 13:14:39,379] {manager.py:1069} INFO - Failing jobs without heartbeat after 2022-11-20 13:09:39.379761+00:00
[2022-11-20 13:14:49,806] {manager.py:1065} INFO - Finding 'running' jobs without a recent heartbeat
[2022-11-20 13:14:49,806] {manager.py:1069} INFO - Failing jobs without heartbeat after 2022-11-20 13:09:49.806926+00:00
[2022-11-20 13:14:59,834] {manager.py:1065} INFO - Finding 'running' jobs without a recent heartbeat
[2022-11-20 13:14:59,834] {manager.py:1069} INFO - Failing jobs without heartbeat after 2022-11-20 13:09:59.834488+00:00
[2022-11-20 13:14:59,842] {manager.py:784} INFO - 
================================================================================
DAG File Processing Stats

File Path                                    PID    Runtime      # DAGs    # Errors  Last Runtime    Last Run
-------------------------------------------  -----  ---------  --------  ----------  --------------  -------------------
/opt/airflow/dags/data_ingestion_gcs_dag.py                           1           0  0.65s           2022-11-20T13:14:45
================================================================================
[2022-11-20 13:15:09,862] {manager.py:1065} INFO - Finding 'running' jobs without a recent heartbeat
[2022-11-20 13:15:09,862] {manager.py:1069} INFO - Failing jobs without heartbeat after 2022-11-20 13:10:09.862963+00:00
[2022-11-20 13:15:20,109] {manager.py:1065} INFO - Finding 'running' jobs without a recent heartbeat
[2022-11-20 13:15:20,109] {manager.py:1069} INFO - Failing jobs without heartbeat after 2022-11-20 13:10:20.109314+00:00
[2022-11-20 13:15:30,134] {manager.py:1065} INFO - Finding 'running' jobs without a recent heartbeat
[2022-11-20 13:15:30,134] {manager.py:1069} INFO - Failing jobs without heartbeat after 2022-11-20 13:10:30.134342+00:00
[2022-11-20 13:15:30,142] {manager.py:784} INFO - 
================================================================================
DAG File Processing Stats

File Path                                    PID    Runtime      # DAGs    # Errors  Last Runtime    Last Run
-------------------------------------------  -----  ---------  --------  ----------  --------------  -------------------
/opt/airflow/dags/data_ingestion_gcs_dag.py                           1           0  0.66s           2022-11-20T13:15:15
================================================================================
[2022-11-20 13:15:40,163] {manager.py:1065} INFO - Finding 'running' jobs without a recent heartbeat
[2022-11-20 13:15:40,163] {manager.py:1069} INFO - Failing jobs without heartbeat after 2022-11-20 13:10:40.163689+00:00
[2022-11-20 13:15:50,190] {manager.py:1065} INFO - Finding 'running' jobs without a recent heartbeat
[2022-11-20 13:15:50,190] {manager.py:1069} INFO - Failing jobs without heartbeat after 2022-11-20 13:10:50.190528+00:00
[2022-11-20 13:16:00,219] {manager.py:1065} INFO - Finding 'running' jobs without a recent heartbeat
[2022-11-20 13:16:00,220] {manager.py:1069} INFO - Failing jobs without heartbeat after 2022-11-20 13:11:00.220230+00:00
[2022-11-20 13:16:00,227] {manager.py:784} INFO - 
================================================================================
DAG File Processing Stats

File Path                                    PID    Runtime      # DAGs    # Errors  Last Runtime    Last Run
-------------------------------------------  -----  ---------  --------  ----------  --------------  -------------------
/opt/airflow/dags/data_ingestion_gcs_dag.py                           1           0  0.63s           2022-11-20T13:15:46
================================================================================
[2022-11-20 13:16:10,248] {manager.py:1065} INFO - Finding 'running' jobs without a recent heartbeat
[2022-11-20 13:16:10,249] {manager.py:1069} INFO - Failing jobs without heartbeat after 2022-11-20 13:11:10.249028+00:00
[2022-11-20 13:16:20,509] {manager.py:1065} INFO - Finding 'running' jobs without a recent heartbeat
[2022-11-20 13:16:20,509] {manager.py:1069} INFO - Failing jobs without heartbeat after 2022-11-20 13:11:20.509767+00:00
[2022-11-20 13:16:30,535] {manager.py:1065} INFO - Finding 'running' jobs without a recent heartbeat
[2022-11-20 13:16:30,535] {manager.py:1069} INFO - Failing jobs without heartbeat after 2022-11-20 13:11:30.535733+00:00
[2022-11-20 13:16:30,542] {manager.py:784} INFO - 
================================================================================
DAG File Processing Stats

File Path                                    PID    Runtime      # DAGs    # Errors  Last Runtime    Last Run
-------------------------------------------  -----  ---------  --------  ----------  --------------  -------------------
/opt/airflow/dags/data_ingestion_gcs_dag.py                           1           0  0.64s           2022-11-20T13:16:17
================================================================================
[2022-11-20 13:16:40,560] {manager.py:1065} INFO - Finding 'running' jobs without a recent heartbeat
[2022-11-20 13:16:40,560] {manager.py:1069} INFO - Failing jobs without heartbeat after 2022-11-20 13:11:40.560361+00:00
[2022-11-20 13:16:50,587] {manager.py:1065} INFO - Finding 'running' jobs without a recent heartbeat
[2022-11-20 13:16:50,587] {manager.py:1069} INFO - Failing jobs without heartbeat after 2022-11-20 13:11:50.587765+00:00
[2022-11-20 13:17:00,616] {manager.py:1065} INFO - Finding 'running' jobs without a recent heartbeat
[2022-11-20 13:17:00,617] {manager.py:1069} INFO - Failing jobs without heartbeat after 2022-11-20 13:12:00.617251+00:00
[2022-11-20 13:17:00,624] {manager.py:784} INFO - 
================================================================================
DAG File Processing Stats

File Path                                    PID    Runtime      # DAGs    # Errors  Last Runtime    Last Run
-------------------------------------------  -----  ---------  --------  ----------  --------------  -------------------
/opt/airflow/dags/data_ingestion_gcs_dag.py                           1           0  0.73s           2022-11-20T13:16:47
================================================================================
[2022-11-20 13:17:10,645] {manager.py:1065} INFO - Finding 'running' jobs without a recent heartbeat
[2022-11-20 13:17:10,645] {manager.py:1069} INFO - Failing jobs without heartbeat after 2022-11-20 13:12:10.645309+00:00
[2022-11-20 13:17:20,984] {manager.py:1065} INFO - Finding 'running' jobs without a recent heartbeat
[2022-11-20 13:17:20,984] {manager.py:1069} INFO - Failing jobs without heartbeat after 2022-11-20 13:12:20.984523+00:00
[2022-11-20 13:17:31,008] {manager.py:1065} INFO - Finding 'running' jobs without a recent heartbeat
[2022-11-20 13:17:31,009] {manager.py:1069} INFO - Failing jobs without heartbeat after 2022-11-20 13:12:31.009088+00:00
[2022-11-20 13:17:31,015] {manager.py:784} INFO - 
================================================================================
DAG File Processing Stats

File Path                                    PID    Runtime      # DAGs    # Errors  Last Runtime    Last Run
-------------------------------------------  -----  ---------  --------  ----------  --------------  -------------------
/opt/airflow/dags/data_ingestion_gcs_dag.py                           1           0  0.62s           2022-11-20T13:17:18
================================================================================
[2022-11-20 13:17:41,029] {manager.py:1065} INFO - Finding 'running' jobs without a recent heartbeat
[2022-11-20 13:17:41,030] {manager.py:1069} INFO - Failing jobs without heartbeat after 2022-11-20 13:12:41.030062+00:00
[2022-11-20 13:17:51,057] {manager.py:1065} INFO - Finding 'running' jobs without a recent heartbeat
[2022-11-20 13:17:51,057] {manager.py:1069} INFO - Failing jobs without heartbeat after 2022-11-20 13:12:51.057377+00:00
[2022-11-20 13:18:01,088] {manager.py:1065} INFO - Finding 'running' jobs without a recent heartbeat
[2022-11-20 13:18:01,088] {manager.py:1069} INFO - Failing jobs without heartbeat after 2022-11-20 13:13:01.088441+00:00
[2022-11-20 13:18:01,095] {manager.py:784} INFO - 
================================================================================
DAG File Processing Stats

File Path                                    PID    Runtime      # DAGs    # Errors  Last Runtime    Last Run
-------------------------------------------  -----  ---------  --------  ----------  --------------  -------------------
/opt/airflow/dags/data_ingestion_gcs_dag.py                           1           0  0.56s           2022-11-20T13:17:49
================================================================================
[2022-11-20 13:18:11,119] {manager.py:1065} INFO - Finding 'running' jobs without a recent heartbeat
[2022-11-20 13:18:11,119] {manager.py:1069} INFO - Failing jobs without heartbeat after 2022-11-20 13:13:11.119199+00:00
[2022-11-20 13:18:21,266] {manager.py:1065} INFO - Finding 'running' jobs without a recent heartbeat
[2022-11-20 13:18:21,266] {manager.py:1069} INFO - Failing jobs without heartbeat after 2022-11-20 13:13:21.266540+00:00
[2022-11-20 13:18:31,291] {manager.py:1065} INFO - Finding 'running' jobs without a recent heartbeat
[2022-11-20 13:18:31,292] {manager.py:1069} INFO - Failing jobs without heartbeat after 2022-11-20 13:13:31.292227+00:00
[2022-11-20 13:18:31,299] {manager.py:784} INFO - 
================================================================================
DAG File Processing Stats

File Path                                    PID    Runtime      # DAGs    # Errors  Last Runtime    Last Run
-------------------------------------------  -----  ---------  --------  ----------  --------------  -------------------
/opt/airflow/dags/data_ingestion_gcs_dag.py                           1           0  0.61s           2022-11-20T13:18:19
================================================================================
[2022-11-20 13:18:41,319] {manager.py:1065} INFO - Finding 'running' jobs without a recent heartbeat
[2022-11-20 13:18:41,319] {manager.py:1069} INFO - Failing jobs without heartbeat after 2022-11-20 13:13:41.319443+00:00
[2022-11-20 13:18:51,345] {manager.py:1065} INFO - Finding 'running' jobs without a recent heartbeat
[2022-11-20 13:18:51,345] {manager.py:1069} INFO - Failing jobs without heartbeat after 2022-11-20 13:13:51.345411+00:00
[2022-11-20 13:19:01,377] {manager.py:1065} INFO - Finding 'running' jobs without a recent heartbeat
[2022-11-20 13:19:01,377] {manager.py:1069} INFO - Failing jobs without heartbeat after 2022-11-20 13:14:01.377444+00:00
[2022-11-20 13:19:01,384] {manager.py:784} INFO - 
================================================================================
DAG File Processing Stats

File Path                                    PID    Runtime      # DAGs    # Errors  Last Runtime    Last Run
-------------------------------------------  -----  ---------  --------  ----------  --------------  -------------------
/opt/airflow/dags/data_ingestion_gcs_dag.py                           1           0  0.58s           2022-11-20T13:18:50
================================================================================
[2022-11-20 13:19:11,409] {manager.py:1065} INFO - Finding 'running' jobs without a recent heartbeat
[2022-11-20 13:19:11,409] {manager.py:1069} INFO - Failing jobs without heartbeat after 2022-11-20 13:14:11.409824+00:00
[2022-11-20 13:19:21,563] {manager.py:1065} INFO - Finding 'running' jobs without a recent heartbeat
[2022-11-20 13:19:21,563] {manager.py:1069} INFO - Failing jobs without heartbeat after 2022-11-20 13:14:21.563578+00:00
[2022-11-20 13:19:26,581] {manager.py:663} INFO - Searching for files in /opt/airflow/dags
[2022-11-20 13:19:26,582] {manager.py:666} INFO - There are 1 files in /opt/airflow/dags
[2022-11-20 13:19:31,599] {manager.py:1065} INFO - Finding 'running' jobs without a recent heartbeat
[2022-11-20 13:19:31,599] {manager.py:1069} INFO - Failing jobs without heartbeat after 2022-11-20 13:14:31.599424+00:00
[2022-11-20 13:19:31,607] {manager.py:784} INFO - 
================================================================================
DAG File Processing Stats

File Path                                    PID    Runtime      # DAGs    # Errors  Last Runtime    Last Run
-------------------------------------------  -----  ---------  --------  ----------  --------------  -------------------
/opt/airflow/dags/data_ingestion_gcs_dag.py                           1           0  0.67s           2022-11-20T13:19:21
================================================================================
[2022-11-20 13:19:41,625] {manager.py:1065} INFO - Finding 'running' jobs without a recent heartbeat
[2022-11-20 13:19:41,625] {manager.py:1069} INFO - Failing jobs without heartbeat after 2022-11-20 13:14:41.625882+00:00
[2022-11-20 13:19:51,648] {manager.py:1065} INFO - Finding 'running' jobs without a recent heartbeat
[2022-11-20 13:19:51,649] {manager.py:1069} INFO - Failing jobs without heartbeat after 2022-11-20 13:14:51.649171+00:00
[2022-11-20 13:20:01,678] {manager.py:1065} INFO - Finding 'running' jobs without a recent heartbeat
[2022-11-20 13:20:01,678] {manager.py:1069} INFO - Failing jobs without heartbeat after 2022-11-20 13:15:01.678825+00:00
[2022-11-20 13:20:01,686] {manager.py:784} INFO - 
================================================================================
DAG File Processing Stats

File Path                                    PID    Runtime      # DAGs    # Errors  Last Runtime    Last Run
-------------------------------------------  -----  ---------  --------  ----------  --------------  -------------------
/opt/airflow/dags/data_ingestion_gcs_dag.py                           1           0  0.70s           2022-11-20T13:19:51
================================================================================
[2022-11-20 13:20:11,707] {manager.py:1065} INFO - Finding 'running' jobs without a recent heartbeat
[2022-11-20 13:20:11,707] {manager.py:1069} INFO - Failing jobs without heartbeat after 2022-11-20 13:15:11.707747+00:00
[2022-11-20 13:20:21,736] {manager.py:1065} INFO - Finding 'running' jobs without a recent heartbeat
[2022-11-20 13:20:21,737] {manager.py:1069} INFO - Failing jobs without heartbeat after 2022-11-20 13:15:21.737025+00:00
[2022-11-20 13:20:32,068] {manager.py:1065} INFO - Finding 'running' jobs without a recent heartbeat
[2022-11-20 13:20:32,068] {manager.py:1069} INFO - Failing jobs without heartbeat after 2022-11-20 13:15:32.068330+00:00
[2022-11-20 13:20:32,077] {manager.py:784} INFO - 
================================================================================
DAG File Processing Stats

File Path                                    PID    Runtime      # DAGs    # Errors  Last Runtime    Last Run
-------------------------------------------  -----  ---------  --------  ----------  --------------  -------------------
/opt/airflow/dags/data_ingestion_gcs_dag.py                           1           0  0.56s           2022-11-20T13:20:22
================================================================================
[2022-11-20 13:20:42,094] {manager.py:1065} INFO - Finding 'running' jobs without a recent heartbeat
[2022-11-20 13:20:42,094] {manager.py:1069} INFO - Failing jobs without heartbeat after 2022-11-20 13:15:42.094638+00:00
[2022-11-20 13:20:52,116] {manager.py:1065} INFO - Finding 'running' jobs without a recent heartbeat
[2022-11-20 13:20:52,116] {manager.py:1069} INFO - Failing jobs without heartbeat after 2022-11-20 13:15:52.116648+00:00
[2022-11-20 13:20:53,993] {manager.py:495} INFO - Exiting gracefully upon receiving signal 15
