[2022-11-20 13:04:59,620] {taskinstance.py:1032} INFO - Dependencies all met for <TaskInstance: data_ingestion_gcs_dag.format_to_parquet_task manual__2022-11-20T12:52:06.486723+00:00 [queued]>
[2022-11-20 13:04:59,631] {taskinstance.py:1032} INFO - Dependencies all met for <TaskInstance: data_ingestion_gcs_dag.format_to_parquet_task manual__2022-11-20T12:52:06.486723+00:00 [queued]>
[2022-11-20 13:04:59,632] {taskinstance.py:1238} INFO - 
--------------------------------------------------------------------------------
[2022-11-20 13:04:59,632] {taskinstance.py:1239} INFO - Starting attempt 1 of 2
[2022-11-20 13:04:59,632] {taskinstance.py:1240} INFO - 
--------------------------------------------------------------------------------
[2022-11-20 13:04:59,642] {taskinstance.py:1259} INFO - Executing <Task(PythonOperator): format_to_parquet_task> on 2022-11-20 12:52:06.486723+00:00
[2022-11-20 13:04:59,648] {standard_task_runner.py:52} INFO - Started process 91 to run task
[2022-11-20 13:04:59,650] {standard_task_runner.py:76} INFO - Running: ['***', 'tasks', 'run', 'data_ingestion_gcs_dag', 'format_to_parquet_task', 'manual__2022-11-20T12:52:06.486723+00:00', '--job-id', '10', '--raw', '--subdir', 'DAGS_FOLDER/data_ingestion_gcs_dag.py', '--cfg-path', '/tmp/tmpko0h7c35', '--error-file', '/tmp/tmp0rjn6b00']
[2022-11-20 13:04:59,651] {standard_task_runner.py:77} INFO - Job 10: Subtask format_to_parquet_task
[2022-11-20 13:04:59,692] {logging_mixin.py:109} INFO - Running <TaskInstance: data_ingestion_gcs_dag.format_to_parquet_task manual__2022-11-20T12:52:06.486723+00:00 [running]> on host 8e08eb4e2668
[2022-11-20 13:04:59,736] {taskinstance.py:1426} INFO - Exporting the following env vars:
AIRFLOW_CTX_DAG_OWNER=***
AIRFLOW_CTX_DAG_ID=data_ingestion_gcs_dag
AIRFLOW_CTX_TASK_ID=format_to_parquet_task
AIRFLOW_CTX_EXECUTION_DATE=2022-11-20T12:52:06.486723+00:00
AIRFLOW_CTX_DAG_RUN_ID=manual__2022-11-20T12:52:06.486723+00:00
[2022-11-20 13:05:00,323] {python.py:175} INFO - Done. Returned value was: None
[2022-11-20 13:05:00,335] {taskinstance.py:1277} INFO - Marking task as SUCCESS. dag_id=data_ingestion_gcs_dag, task_id=format_to_parquet_task, execution_date=20221120T125206, start_date=20221120T130459, end_date=20221120T130500
[2022-11-20 13:05:00,391] {local_task_job.py:154} INFO - Task exited with return code 0
[2022-11-20 13:05:00,426] {local_task_job.py:264} INFO - 1 downstream tasks scheduled from follow-on schedule check
