[2022-11-20 12:52:09,210] {taskinstance.py:1032} INFO - Dependencies all met for <TaskInstance: data_ingestion_gcs_dag.download_dataset_task scheduled__2022-11-19T00:00:00+00:00 [queued]>
[2022-11-20 12:52:09,220] {taskinstance.py:1032} INFO - Dependencies all met for <TaskInstance: data_ingestion_gcs_dag.download_dataset_task scheduled__2022-11-19T00:00:00+00:00 [queued]>
[2022-11-20 12:52:09,220] {taskinstance.py:1238} INFO - 
--------------------------------------------------------------------------------
[2022-11-20 12:52:09,220] {taskinstance.py:1239} INFO - Starting attempt 1 of 2
[2022-11-20 12:52:09,221] {taskinstance.py:1240} INFO - 
--------------------------------------------------------------------------------
[2022-11-20 12:52:09,233] {taskinstance.py:1259} INFO - Executing <Task(BashOperator): download_dataset_task> on 2022-11-19 00:00:00+00:00
[2022-11-20 12:52:09,240] {standard_task_runner.py:52} INFO - Started process 112 to run task
[2022-11-20 12:52:09,245] {standard_task_runner.py:76} INFO - Running: ['***', 'tasks', 'run', 'data_ingestion_gcs_dag', 'download_dataset_task', 'scheduled__2022-11-19T00:00:00+00:00', '--job-id', '3', '--raw', '--subdir', 'DAGS_FOLDER/data_ingestion_gcs_dag.py', '--cfg-path', '/tmp/tmpvw2ndvu6', '--error-file', '/tmp/tmp6b5m3w33']
[2022-11-20 12:52:09,246] {standard_task_runner.py:77} INFO - Job 3: Subtask download_dataset_task
[2022-11-20 12:52:09,332] {logging_mixin.py:109} INFO - Running <TaskInstance: data_ingestion_gcs_dag.download_dataset_task scheduled__2022-11-19T00:00:00+00:00 [running]> on host 531db74698c5
[2022-11-20 12:52:09,394] {taskinstance.py:1426} INFO - Exporting the following env vars:
AIRFLOW_CTX_DAG_OWNER=***
AIRFLOW_CTX_DAG_ID=data_ingestion_gcs_dag
AIRFLOW_CTX_TASK_ID=download_dataset_task
AIRFLOW_CTX_EXECUTION_DATE=2022-11-19T00:00:00+00:00
AIRFLOW_CTX_DAG_RUN_ID=scheduled__2022-11-19T00:00:00+00:00
[2022-11-20 12:52:09,397] {subprocess.py:62} INFO - Tmp dir root location: 
 /tmp
[2022-11-20 12:52:09,398] {subprocess.py:74} INFO - Running command: ['bash', '-c', 'curl -sSL https://media.githubusercontent.com/media/alfianhid/Final-Project-Data-Fellowship-Batch-7/master/dataset/raw/raw_application_record.csv > /opt/***/raw_application_record.csv']
[2022-11-20 12:52:09,415] {subprocess.py:85} INFO - Output:
[2022-11-20 12:52:54,948] {subprocess.py:93} INFO - Command exited with return code 0
[2022-11-20 12:52:54,981] {taskinstance.py:1277} INFO - Marking task as SUCCESS. dag_id=data_ingestion_gcs_dag, task_id=download_dataset_task, execution_date=20221119T000000, start_date=20221120T125209, end_date=20221120T125254
[2022-11-20 12:52:55,001] {local_task_job.py:154} INFO - Task exited with return code 0
[2022-11-20 12:52:55,039] {local_task_job.py:264} INFO - 1 downstream tasks scheduled from follow-on schedule check
