[2022-11-20 13:04:35,467] {taskinstance.py:1032} INFO - Dependencies all met for <TaskInstance: data_ingestion_gcs_dag.download_dataset_task manual__2022-11-20T12:52:06.486723+00:00 [queued]>
[2022-11-20 13:04:35,487] {taskinstance.py:1032} INFO - Dependencies all met for <TaskInstance: data_ingestion_gcs_dag.download_dataset_task manual__2022-11-20T12:52:06.486723+00:00 [queued]>
[2022-11-20 13:04:35,487] {taskinstance.py:1238} INFO - 
--------------------------------------------------------------------------------
[2022-11-20 13:04:35,488] {taskinstance.py:1239} INFO - Starting attempt 1 of 2
[2022-11-20 13:04:35,488] {taskinstance.py:1240} INFO - 
--------------------------------------------------------------------------------
[2022-11-20 13:04:35,506] {taskinstance.py:1259} INFO - Executing <Task(BashOperator): download_dataset_task> on 2022-11-20 12:52:06.486723+00:00
[2022-11-20 13:04:35,636] {standard_task_runner.py:52} INFO - Started process 68 to run task
[2022-11-20 13:04:35,646] {standard_task_runner.py:76} INFO - Running: ['***', 'tasks', 'run', 'data_ingestion_gcs_dag', 'download_dataset_task', 'manual__2022-11-20T12:52:06.486723+00:00', '--job-id', '9', '--raw', '--subdir', 'DAGS_FOLDER/data_ingestion_gcs_dag.py', '--cfg-path', '/tmp/tmpdop25on8', '--error-file', '/tmp/tmpikpl23dd']
[2022-11-20 13:04:35,647] {standard_task_runner.py:77} INFO - Job 9: Subtask download_dataset_task
[2022-11-20 13:04:35,782] {logging_mixin.py:109} INFO - Running <TaskInstance: data_ingestion_gcs_dag.download_dataset_task manual__2022-11-20T12:52:06.486723+00:00 [running]> on host 8e08eb4e2668
[2022-11-20 13:04:35,873] {taskinstance.py:1426} INFO - Exporting the following env vars:
AIRFLOW_CTX_DAG_OWNER=***
AIRFLOW_CTX_DAG_ID=data_ingestion_gcs_dag
AIRFLOW_CTX_TASK_ID=download_dataset_task
AIRFLOW_CTX_EXECUTION_DATE=2022-11-20T12:52:06.486723+00:00
AIRFLOW_CTX_DAG_RUN_ID=manual__2022-11-20T12:52:06.486723+00:00
[2022-11-20 13:04:35,875] {subprocess.py:62} INFO - Tmp dir root location: 
 /tmp
[2022-11-20 13:04:35,878] {subprocess.py:74} INFO - Running command: ['bash', '-c', 'curl -sSL https://media.githubusercontent.com/media/alfianhid/Final-Project-Data-Fellowship-Batch-7/master/dataset/raw/raw_application_record.csv > /opt/***/raw_application_record.csv']
[2022-11-20 13:04:35,899] {subprocess.py:85} INFO - Output:
[2022-11-20 13:04:58,332] {subprocess.py:93} INFO - Command exited with return code 0
[2022-11-20 13:04:58,374] {taskinstance.py:1277} INFO - Marking task as SUCCESS. dag_id=data_ingestion_gcs_dag, task_id=download_dataset_task, execution_date=20221120T125206, start_date=20221120T130435, end_date=20221120T130458
[2022-11-20 13:04:58,408] {local_task_job.py:154} INFO - Task exited with return code 0
[2022-11-20 13:04:58,439] {local_task_job.py:264} INFO - 1 downstream tasks scheduled from follow-on schedule check
