[2022-11-20 13:05:05,817] {taskinstance.py:1032} INFO - Dependencies all met for <TaskInstance: data_ingestion_gcs_dag.bigquery_external_table_task manual__2022-11-20T12:52:06.486723+00:00 [queued]>
[2022-11-20 13:05:05,832] {taskinstance.py:1032} INFO - Dependencies all met for <TaskInstance: data_ingestion_gcs_dag.bigquery_external_table_task manual__2022-11-20T12:52:06.486723+00:00 [queued]>
[2022-11-20 13:05:05,832] {taskinstance.py:1238} INFO - 
--------------------------------------------------------------------------------
[2022-11-20 13:05:05,832] {taskinstance.py:1239} INFO - Starting attempt 1 of 2
[2022-11-20 13:05:05,832] {taskinstance.py:1240} INFO - 
--------------------------------------------------------------------------------
[2022-11-20 13:05:05,845] {taskinstance.py:1259} INFO - Executing <Task(BigQueryCreateExternalTableOperator): bigquery_external_table_task> on 2022-11-20 12:52:06.486723+00:00
[2022-11-20 13:05:05,851] {standard_task_runner.py:52} INFO - Started process 106 to run task
[2022-11-20 13:05:05,853] {standard_task_runner.py:76} INFO - Running: ['***', 'tasks', 'run', 'data_ingestion_gcs_dag', 'bigquery_external_table_task', 'manual__2022-11-20T12:52:06.486723+00:00', '--job-id', '12', '--raw', '--subdir', 'DAGS_FOLDER/data_ingestion_gcs_dag.py', '--cfg-path', '/tmp/tmprhzok3xg', '--error-file', '/tmp/tmps7dx52vy']
[2022-11-20 13:05:05,854] {standard_task_runner.py:77} INFO - Job 12: Subtask bigquery_external_table_task
[2022-11-20 13:05:05,904] {logging_mixin.py:109} INFO - Running <TaskInstance: data_ingestion_gcs_dag.bigquery_external_table_task manual__2022-11-20T12:52:06.486723+00:00 [running]> on host 8e08eb4e2668
[2022-11-20 13:05:05,957] {taskinstance.py:1426} INFO - Exporting the following env vars:
AIRFLOW_CTX_DAG_OWNER=***
AIRFLOW_CTX_DAG_ID=data_ingestion_gcs_dag
AIRFLOW_CTX_TASK_ID=bigquery_external_table_task
AIRFLOW_CTX_EXECUTION_DATE=2022-11-20T12:52:06.486723+00:00
AIRFLOW_CTX_DAG_RUN_ID=manual__2022-11-20T12:52:06.486723+00:00
[2022-11-20 13:05:05,959] {crypto.py:82} WARNING - empty cryptography key - values will not be stored encrypted.
[2022-11-20 13:05:06,778] {taskinstance.py:1277} INFO - Marking task as SUCCESS. dag_id=data_ingestion_gcs_dag, task_id=bigquery_external_table_task, execution_date=20221120T125206, start_date=20221120T130505, end_date=20221120T130506
[2022-11-20 13:05:06,831] {local_task_job.py:154} INFO - Task exited with return code 0
[2022-11-20 13:05:06,856] {local_task_job.py:264} INFO - 0 downstream tasks scheduled from follow-on schedule check
