[2022-11-20 13:05:01,737] {taskinstance.py:1032} INFO - Dependencies all met for <TaskInstance: data_ingestion_gcs_dag.local_to_gcs_task manual__2022-11-20T12:52:06.486723+00:00 [queued]>
[2022-11-20 13:05:01,748] {taskinstance.py:1032} INFO - Dependencies all met for <TaskInstance: data_ingestion_gcs_dag.local_to_gcs_task manual__2022-11-20T12:52:06.486723+00:00 [queued]>
[2022-11-20 13:05:01,748] {taskinstance.py:1238} INFO - 
--------------------------------------------------------------------------------
[2022-11-20 13:05:01,748] {taskinstance.py:1239} INFO - Starting attempt 1 of 2
[2022-11-20 13:05:01,748] {taskinstance.py:1240} INFO - 
--------------------------------------------------------------------------------
[2022-11-20 13:05:01,760] {taskinstance.py:1259} INFO - Executing <Task(PythonOperator): local_to_gcs_task> on 2022-11-20 12:52:06.486723+00:00
[2022-11-20 13:05:01,765] {standard_task_runner.py:52} INFO - Started process 103 to run task
[2022-11-20 13:05:01,767] {standard_task_runner.py:76} INFO - Running: ['***', 'tasks', 'run', 'data_ingestion_gcs_dag', 'local_to_gcs_task', 'manual__2022-11-20T12:52:06.486723+00:00', '--job-id', '11', '--raw', '--subdir', 'DAGS_FOLDER/data_ingestion_gcs_dag.py', '--cfg-path', '/tmp/tmplaoh09b9', '--error-file', '/tmp/tmpxgmuu6e4']
[2022-11-20 13:05:01,768] {standard_task_runner.py:77} INFO - Job 11: Subtask local_to_gcs_task
[2022-11-20 13:05:01,809] {logging_mixin.py:109} INFO - Running <TaskInstance: data_ingestion_gcs_dag.local_to_gcs_task manual__2022-11-20T12:52:06.486723+00:00 [running]> on host 8e08eb4e2668
[2022-11-20 13:05:01,857] {taskinstance.py:1426} INFO - Exporting the following env vars:
AIRFLOW_CTX_DAG_OWNER=***
AIRFLOW_CTX_DAG_ID=data_ingestion_gcs_dag
AIRFLOW_CTX_TASK_ID=local_to_gcs_task
AIRFLOW_CTX_EXECUTION_DATE=2022-11-20T12:52:06.486723+00:00
AIRFLOW_CTX_DAG_RUN_ID=manual__2022-11-20T12:52:06.486723+00:00
[2022-11-20 13:05:04,549] {python.py:175} INFO - Done. Returned value was: None
[2022-11-20 13:05:04,563] {taskinstance.py:1277} INFO - Marking task as SUCCESS. dag_id=data_ingestion_gcs_dag, task_id=local_to_gcs_task, execution_date=20221120T125206, start_date=20221120T130501, end_date=20221120T130504
[2022-11-20 13:05:04,598] {local_task_job.py:154} INFO - Task exited with return code 0
[2022-11-20 13:05:04,632] {local_task_job.py:264} INFO - 1 downstream tasks scheduled from follow-on schedule check
